\BOOKMARK [1][-]{section.1}{\376\377\000O\000c\000t\000o\000b\000o\000r\000\040\0001\0004\000,\000\040\0002\0000\0002\0004\000\040\000-\000\040\000O\000c\000t\000o\000b\000o\000r\000\040\0002\0001\000,\000\040\0002\0000\0002\0004}{}% 1
\BOOKMARK [2][-]{subsection.1.1}{\376\377\000U\000n\000d\000e\000r\000s\000t\000o\000o\000d\000\040\000t\000h\000e\000\040\000i\000n\000t\000e\000n\000t\000o\000n\000\040\000U\000I\000\040\000c\000o\000d\000e}{section.1}% 2
\BOOKMARK [2][-]{subsection.1.2}{\376\377\000S\000e\000t\000t\000i\000n\000g\000\040\000u\000p\000\040\000A\000n\000d\000r\000o\000i\000d\000\040\000S\000t\000u\000d\000i\000o\000\040\000a\000n\000d\000\040\000I\000n\000t\000e\000n\000t\000o\000r\000\040\000o\000n\000\040\000l\000o\000c\000a\000l\000\040\000m\000a\000c\000h\000i\000n\000e}{section.1}% 3
\BOOKMARK [2][-]{subsection.1.3}{\376\377\000D\000e\000v\000e\000l\000o\000p\000m\000e\000n\000t\000\040\000o\000f\000\040\000D\000i\000g\000i\000t\000a\000l\000\040\000D\000e\000t\000o\000x\000\040\000L\000i\000b\000r\000a\000r\000y}{section.1}% 4
\BOOKMARK [2][-]{subsection.1.4}{\376\377\000F\000u\000t\000u\000r\000e\000\040\000G\000o\000a\000l\000s}{section.1}% 5
\BOOKMARK [3][-]{subsubsection.1.4.1}{\376\377\000R\000e\000s\000e\000a\000r\000c\000h\000\040\000a\000n\000d\000\040\000T\000e\000s\000t\000i\000n\000g}{subsection.1.4}% 6
\BOOKMARK [1][-]{section.2}{\376\377\000P\000l\000a\000n\000s\000\040\000f\000o\000r\000\040\000R\000A\000\040\000w\000o\000r\000k}{}% 7
\BOOKMARK [2][-]{subsection.2.1}{\376\377\000A\000n\000a\000l\000y\000z\000e\000\040\000a\000n\000d\000\040\000O\000p\000t\000i\000m\000i\000z\000e\000\040\000E\000x\000i\000s\000t\000i\000n\000g\000\040\000F\000e\000a\000t\000u\000r\000e\000s}{section.2}% 8
\BOOKMARK [2][-]{subsection.2.2}{\376\377\000E\000n\000h\000a\000n\000c\000e\000\040\000F\000u\000n\000c\000t\000i\000o\000n\000a\000l\000i\000t\000y}{section.2}% 9
\BOOKMARK [2][-]{subsection.2.3}{\376\377\000S\000t\000r\000e\000n\000g\000t\000h\000e\000n\000\040\000A\000p\000p\000\040\000M\000o\000n\000i\000t\000o\000r\000i\000n\000g}{section.2}% 10
\BOOKMARK [2][-]{subsection.2.4}{\376\377\000I\000n\000t\000r\000o\000d\000u\000c\000e\000\040\000N\000e\000w\000\040\000F\000e\000a\000t\000u\000r\000e\000s}{section.2}% 11
\BOOKMARK [2][-]{subsection.2.5}{\376\377\000T\000e\000c\000h\000n\000i\000c\000a\000l\000\040\000I\000m\000p\000r\000o\000v\000e\000m\000e\000n\000t\000s}{section.2}% 12
\BOOKMARK [2][-]{subsection.2.6}{\376\377\000T\000e\000s\000t\000i\000n\000g\000\040\000a\000n\000d\000\040\000D\000e\000p\000l\000o\000y\000m\000e\000n\000t}{section.2}% 13
\BOOKMARK [2][-]{subsection.2.7}{\376\377\000D\000o\000c\000u\000m\000e\000n\000t\000a\000t\000i\000o\000n\000\040}{section.2}% 14
\BOOKMARK [1][-]{section.3}{\376\377\000D\000e\000c\000\040\0001\0000\000\040\0002\0000\0002\0004\000\040\000-\000\040\000D\000e\000c\000\040\0001\0003\000\040\0002\0000\0002\0004}{}% 15
\BOOKMARK [2][-]{subsection.3.1}{\376\377\000T\000e\000s\000t\000i\000n\000g\000\040\000i\000n\000t\000e\000n\000t\000o\000r\000\040\000A\000p\000p\000\040\000o\000n\000\040\000A\000n\000d\000r\000o\000i\000d\000\040\000v\000e\000r\000s\000i\000o\000n\000\040\0001\0003}{section.3}% 16
\BOOKMARK [2][-]{subsection.3.2}{\376\377\000U\000n\000d\000e\000r\000s\000t\000o\000o\000d\000\040\000i\000m\000p\000l\000e\000m\000e\000t\000a\000t\000i\000o\000n\000\040\000D\000e\000t\000a\000i\000l\000s\000\040\000o\000f\000\040\000I\000n\000t\000e\000n\000t\000o\000r\000\040\000t\000h\000r\000o\000u\000g\000h\000\040\000o\000m\000k\000a\000r\000'\000s\000\040\000w\000o\000r\000k}{section.3}% 17
\BOOKMARK [3][-]{subsubsection.3.2.1}{\376\377\000L\000o\000g\000g\000i\000n\000g\000\040\000a\000n\000d\000\040\000D\000a\000t\000a\000\040\000C\000o\000l\000l\000e\000c\000t\000i\000o\000n}{subsection.3.2}% 18
\BOOKMARK [2][-]{subsection.3.3}{\376\377\000U\000n\000d\000e\000r\000s\000t\000a\000n\000d\000i\000n\000g\000\040\000v\000a\000r\000i\000o\000u\000s\000\040\000t\000y\000p\000e\000s\000\040\000o\000f\000\040\000s\000e\000r\000v\000i\000c\000e\000\040\000a\000v\000a\000i\000l\000a\000b\000l\000e\000\040\000i\000n\000\040\000A\000n\000d\000r\000o\000i\000d\000\040\000t\000o\000\040\000u\000s\000e\000\040\000i\000n\000\040\000I\000n\000t\000e\000n\000t\000o\000r}{section.3}% 19
\BOOKMARK [3][-]{subsubsection.3.3.1}{\376\377\000I\000n\000t\000r\000o\000d\000u\000c\000t\000i\000o\000n}{subsection.3.3}% 20
\BOOKMARK [3][-]{subsubsection.3.3.2}{\376\377\000\040\000F\000o\000r\000e\000g\000r\000o\000u\000n\000d\000\040\000S\000e\000r\000v\000i\000c\000e}{subsection.3.3}% 21
\BOOKMARK [3][-]{subsubsection.3.3.3}{\376\377\000\040\000B\000a\000c\000k\000g\000r\000o\000u\000n\000d\000\040\000S\000e\000r\000v\000i\000c\000e}{subsection.3.3}% 22
\BOOKMARK [2][-]{subsection.3.4}{\376\377\000B\000o\000u\000n\000d\000\040\000S\000e\000r\000v\000i\000c\000e}{section.3}% 23
\BOOKMARK [2][-]{subsection.3.5}{\376\377\000I\000n\000t\000e\000n\000t\000\040\000S\000e\000r\000v\000i\000c\000e\000\040\000\050\000D\000e\000p\000r\000e\000c\000a\000t\000e\000d\000\051}{section.3}% 24
\BOOKMARK [2][-]{subsection.3.6}{\376\377\000\040\000S\000t\000a\000r\000t\000e\000d\000\040\000S\000e\000r\000v\000i\000c\000e}{section.3}% 25
\BOOKMARK [2][-]{subsection.3.7}{\376\377\000A\000l\000t\000e\000r\000n\000a\000t\000i\000v\000e\000s\000\040\000t\000o\000\040\000T\000r\000a\000d\000i\000t\000i\000o\000n\000a\000l\000\040\000S\000e\000r\000v\000i\000c\000e\000s}{section.3}% 26
\BOOKMARK [1][-]{section.4}{\376\377\000\040\000D\000e\000c\000\040\0001\0005\000\040\0002\0000\0002\0004\000\040\000-\000\040\000D\000e\000c\000\040\0001\0009\000\040\0002\0000\0002\0004\000\040}{}% 27
\BOOKMARK [2][-]{subsection.4.1}{\376\377\000B\000r\000e\000a\000k\000i\000n\000g\000\040\000D\000o\000w\000n\000\040\000U\000s\000e\000r\000\040\000F\000e\000e\000d\000b\000a\000c\000k\000\040\000T\000e\000s\000t\000i\000n\000g\000\040\000i\000n\000\040\000M\000o\000r\000e\000\040\000C\000o\000n\000c\000r\000e\000t\000e\000\040\000S\000t\000e\000p\000s}{section.4}% 28
\BOOKMARK [3][-]{subsubsection.4.1.1}{\376\377\000D\000e\000f\000i\000n\000i\000n\000g\000\040\000T\000h\000e\000\040\000G\000o\000a\000l\000s}{subsection.4.1}% 29
\BOOKMARK [3][-]{subsubsection.4.1.2}{\376\377\000C\000h\000o\000o\000s\000e\000\040\000a\000\040\000F\000e\000e\000d\000b\000a\000c\000k\000\040\000C\000o\000l\000l\000e\000c\000t\000i\000o\000n\000\040\000M\000e\000t\000h\000o\000d}{subsection.4.1}% 30
\BOOKMARK [3][-]{subsubsection.4.1.3}{\376\377\000C\000o\000l\000l\000e\000c\000t\000\040\000a\000n\000d\000\040\000A\000n\000a\000l\000y\000z\000e\000\040\000F\000e\000e\000d\000b\000a\000c\000k}{subsection.4.1}% 31
\BOOKMARK [2][-]{subsection.4.2}{\376\377\000S\000e\000t\000t\000i\000n\000g\000\040\000u\000p\000\040\000b\000a\000c\000k\000e\000n\000d\000\040\000s\000e\000r\000v\000e\000r\000\040\000f\000o\000r\000\040\000i\000n\000t\000e\000n\000t\000o\000r\000\040\000o\000n\000\040\000l\000o\000c\000a\000l\000\040\000a\000n\000d\000\040\000c\000o\000n\000n\000e\000c\000t\000i\000n\000g\000\040\000i\000t\000\040\000t\000o\000\040\000a\000p\000p\000l\000i\000c\000a\000t\000i\000o\000n}{section.4}% 32
\BOOKMARK [2][-]{subsection.4.3}{\376\377\000U\000n\000d\000e\000r\000S\000t\000a\000n\000d\000i\000n\000g\000\040\000M\000o\000r\000e\000\040\000a\000b\000o\000u\000t\000\040\000A\000n\000d\000r\000o\000i\000d}{section.4}% 33
\BOOKMARK [3][-]{subsubsection.4.3.1}{\376\377\000A\000n\000d\000r\000o\000i\000d\000\040\000F\000u\000n\000d\000a\000m\000e\000n\000t\000a\000l\000s}{subsection.4.3}% 34
\BOOKMARK [3][-]{subsubsection.4.3.2}{\376\377\000E\000s\000s\000e\000n\000t\000i\000a\000l\000\040\000A\000n\000d\000r\000o\000i\000d\000\040\000C\000o\000m\000p\000o\000n\000e\000n\000t\000s}{subsection.4.3}% 35
\BOOKMARK [2][-]{subsection.4.4}{\376\377\000D\000a\000t\000a\000\040\000S\000t\000o\000r\000a\000g\000e\000\040\000a\000n\000d\000\040\000M\000a\000n\000a\000g\000e\000m\000e\000n\000t}{section.4}% 36
\BOOKMARK [2][-]{subsection.4.5}{\376\377\000M\000a\000r\000k\000e\000t\000\040\000R\000e\000s\000e\000a\000r\000c\000h\000\040\000a\000n\000d\000\040\000O\000b\000s\000e\000r\000v\000a\000t\000i\000o\000n\000s}{section.4}% 37
\BOOKMARK [1][-]{section.5}{\376\377\000D\000e\000c\000\040\0003\0000\000\040\0002\0000\0002\0004\000\040\000-\000\040\000J\000a\000n\000\040\0000\0003\000\040\0002\0000\0002\0004}{}% 38
\BOOKMARK [2][-]{subsection.5.1}{\376\377\000I\000m\000p\000l\000e\000m\000e\000n\000t\000a\000t\000i\000o\000n\000\040\000O\000f\000\040\000O\000n\000b\000o\000a\000r\000d\000i\000n\000g\000\040\000S\000c\000r\000e\000e\000n}{section.5}% 39
\BOOKMARK [2][-]{subsection.5.2}{\376\377\000P\000l\000a\000n\000\040\000f\000o\000r\000\040\000m\000a\000k\000i\000n\000g\000\040\000I\000n\000t\000r\000o\000d\000u\000c\000t\000o\000r\000y\000\040\000v\000i\000d\000e\000o\000\040\000f\000o\000r\000\040\000u\000s\000e\000r\000\040\000s\000t\000u\000d\000y}{section.5}% 40
\BOOKMARK [1][-]{section.6}{\376\377\000J\000a\000n\000\040\0000\0006\000\040\0002\0000\0002\0005\000\040\000-\000\040\000J\000a\000n\000\040\0001\0000\000\040\0002\0000\0002\0005}{}% 41
\BOOKMARK [2][-]{subsection.6.1}{\376\377\000D\000e\000s\000i\000g\000n\000\040\000t\000h\000e\000\040\000O\000n\000\040\000B\000o\000a\000r\000d\000i\000n\000g\000\040\000S\000c\000r\000e\000e\000n}{section.6}% 42
\BOOKMARK [2][-]{subsection.6.2}{\376\377\000A\000u\000d\000i\000o\000\040\000N\000a\000r\000r\000a\000t\000i\000o\000n\000\040\000S\000c\000r\000i\000p\000t\000\040\000f\000o\000r\000\040\000I\000n\000t\000r\000o\000d\000u\000c\000t\000o\000r\000y\000\040\000V\000e\000d\000i\000o\000:}{section.6}% 43
\BOOKMARK [3][-]{subsubsection.6.2.1}{\376\377\000I\000n\000t\000r\000o\000d\000u\000c\000t\000i\000o\000n}{subsection.6.2}% 44
\BOOKMARK [3][-]{subsubsection.6.2.2}{\376\377\000F\000e\000a\000t\000u\000r\000e\000\040\000D\000e\000m\000o\000n\000s\000t\000r\000a\000t\000i\000o\000n}{subsection.6.2}% 45
\BOOKMARK [3][-]{subsubsection.6.2.3}{\376\377\000B\000e\000n\000e\000f\000i\000t}{subsection.6.2}% 46
\BOOKMARK [3][-]{subsubsection.6.2.4}{\376\377\000C\000a\000l\000l\000-\000t\000o\000-\000A\000c\000t\000i\000o\000n}{subsection.6.2}% 47
\BOOKMARK [1][-]{section.7}{\376\377\000J\000a\000n\000\040\0001\0002\000\040\0002\0000\0002\0005\000-\000\040\000J\000a\000n\000\040\0001\0007\000\040\0002\0000\0002\0005}{}% 48
\BOOKMARK [1][-]{section.8}{\376\377\000J\000a\000n\000\040\0001\0009\000\040\0002\0000\0002\0005\000\040\000-\000\040\000F\000e\000b\000\040\0004\000\040\0002\0000\0002\0005}{}% 49
\BOOKMARK [2][-]{subsection.8.1}{\376\377\000T\000i\000m\000e\000\040\000s\000p\000e\000n\000t}{section.8}% 50
\BOOKMARK [2][-]{subsection.8.2}{\376\377\000L\000i\000s\000t\000\040\000o\000f\000\040\000t\000a\000s\000k\000s\000:}{section.8}% 51
\BOOKMARK [2][-]{subsection.8.3}{\376\377\000S\000o\000m\000e\000\040\000H\000i\000g\000h\000l\000i\000g\000h\000t\000s\000\040\000f\000r\000o\000m\000\040\000i\000m\000p\000l\000e\000m\000e\000n\000a\000t\000i\000o\000n\000\040\000o\000f\000\040\000p\000o\000p\000u\000p}{section.8}% 52
\BOOKMARK [2][-]{subsection.8.4}{\376\377\000O\000v\000e\000r\000v\000i\000e\000w\000\040\000o\000f\000\040\000s\000o\000m\000e\000\040\000s\000i\000m\000i\000l\000a\000r\000\040\000p\000r\000o\000d\000u\000c\000t\000\040\000e\000x\000p\000l\000o\000r\000e\000d}{section.8}% 53
\BOOKMARK [3][-]{subsubsection.8.4.1}{\376\377\000M\000i\000n\000i\000m\000a\000l\000i\000s\000t\000i\000c\000\040\000p\000h\000o\000n\000e}{subsection.8.4}% 54
\BOOKMARK [3][-]{subsubsection.8.4.2}{\376\377\000A\000p\000p\000B\000l\000o\000c\000k}{subsection.8.4}% 55
\BOOKMARK [1][-]{section.9}{\376\377\000F\000e\000b\000\040\0005\000\040\0002\0000\0002\0005\000\040\000-\000\040\000F\000e\000b\000\040\0001\0002\000\040\0002\0000\0002\0005}{}% 56
\BOOKMARK [2][-]{subsection.9.1}{\376\377\000T\000i\000m\000e\000\040\000s\000p\000e\000n\000t}{section.9}% 57
\BOOKMARK [2][-]{subsection.9.2}{\376\377\000C\000u\000r\000r\000e\000n\000t\000\040\000s\000t\000a\000t\000e\000\040\000m\000a\000c\000h\000i\000n\000e\000\040\000d\000i\000a\000g\000r\000a\000m}{section.9}% 58
\BOOKMARK [2][-]{subsection.9.3}{\376\377\000C\000o\000r\000r\000e\000c\000t\000\040\000s\000t\000a\000t\000e\000\040\000m\000a\000c\000h\000i\000n\000e\000\040\000d\000i\000a\000g\000r\000a\000m}{section.9}% 59
\BOOKMARK [2][-]{subsection.9.4}{\376\377\000R\000e\000a\000s\000o\000n\000\040\000t\000o\000\040\000U\000s\000e\000\040\000A\000c\000c\000e\000s\000s\000i\000b\000i\000l\000i\000t\000y\000S\000e\000r\000v\000i\000c\000e\000\040\000O\000v\000e\000r\000\040\000U\000s\000a\000g\000e\000\040\000S\000t\000a\000t\000e\000s\000\040\000a\000n\000d\000\040\000U\000s\000a\000g\000e\000\040\000E\000v\000e\000n\000t\000s}{section.9}% 60
\BOOKMARK [3][-]{subsubsection.9.4.1}{\376\377\000R\000e\000a\000l\000-\000t\000i\000m\000e\000\040\000A\000p\000p\000\040\000M\000o\000n\000i\000t\000o\000r\000i\000n\000g}{subsection.9.4}% 61
\BOOKMARK [3][-]{subsubsection.9.4.2}{\376\377\000M\000o\000r\000e\000\040\000D\000e\000t\000a\000i\000l\000e\000d\000\040\000A\000p\000p\000\040\000I\000n\000t\000e\000r\000a\000c\000t\000i\000o\000n\000\040\000T\000r\000a\000c\000k\000i\000n\000g}{subsection.9.4}% 62
\BOOKMARK [3][-]{subsubsection.9.4.3}{\376\377\000A\000p\000p\000\040\000B\000l\000o\000c\000k\000i\000n\000g\000\040\000a\000n\000d\000\040\000O\000v\000e\000r\000l\000a\000y\000\040\000C\000a\000p\000a\000b\000i\000l\000i\000t\000i\000e\000s}{subsection.9.4}% 63
\BOOKMARK [3][-]{subsubsection.9.4.4}{\376\377\000C\000o\000m\000p\000a\000t\000i\000b\000i\000l\000i\000t\000y\000\040\000w\000i\000t\000h\000\040\000N\000e\000w\000e\000r\000\040\000A\000n\000d\000r\000o\000i\000d\000\040\000V\000e\000r\000s\000i\000o\000n\000s}{subsection.9.4}% 64
\BOOKMARK [3][-]{subsubsection.9.4.5}{\376\377\000D\000e\000t\000e\000c\000t\000i\000n\000g\000\040\000S\000y\000s\000t\000e\000m\000-\000W\000i\000d\000e\000\040\000E\000v\000e\000n\000t\000s}{subsection.9.4}% 65
\BOOKMARK [3][-]{subsubsection.9.4.6}{\376\377\000B\000a\000c\000k\000g\000r\000o\000u\000n\000d\000\040\000E\000x\000e\000c\000u\000t\000i\000o\000n}{subsection.9.4}% 66
\BOOKMARK [3][-]{subsubsection.9.4.7}{\376\377\000W\000h\000e\000n\000\040\000t\000o\000\040\000U\000s\000e\000\040\000U\000s\000a\000g\000e\000S\000t\000a\000t\000s\000M\000a\000n\000a\000g\000e\000r\000\040\000I\000n\000s\000t\000e\000a\000d\000?}{subsection.9.4}% 67
\BOOKMARK [3][-]{subsubsection.9.4.8}{\376\377\000C\000o\000n\000c\000l\000u\000s\000i\000o\000n\000\040\000f\000o\000r\000\040\000S\000o\000c\000i\000a\000l\000\040\000M\000e\000d\000i\000a\000\040\000U\000s\000a\000g\000e\000\040\000C\000o\000n\000t\000r\000o\000l\000\040\000A\000p\000p}{subsection.9.4}% 68
\BOOKMARK [1][-]{section.10}{\376\377\000F\000e\000b\000\040\0001\0003\000,\000\040\0002\0000\0002\0005\000\040\000-\000\040\000F\000e\000b\000\040\0001\0007\000,\000\040\0002\0000\0002\0005}{}% 69
\BOOKMARK [2][-]{subsection.10.1}{\376\377\000T\000i\000m\000e\000\040\000s\000p\000e\000n\000d}{section.10}% 70
\BOOKMARK [2][-]{subsection.10.2}{\376\377\000K\000e\000y\000\040\000t\000a\000k\000e\000\040\000a\000w\000a\000y\000\040\000f\000r\000o\000m\000\040\000m\000e\000e\000t\000i\000n\000g}{section.10}% 71
\BOOKMARK [2][-]{subsection.10.3}{\376\377\000R\000e\000v\000i\000s\000e\000d\000\040\000s\000t\000a\000t\000e\000\040\000m\000a\000c\000h\000i\000n\000e\000\040\000d\000i\000a\000g\000r\000a\000m}{section.10}% 72
\BOOKMARK [2][-]{subsection.10.4}{\376\377\000R\000e\000v\000i\000s\000e\000d\000\040\000i\000m\000l\000e\000m\000e\000n\000t\000a\000t\000i\000o\000n}{section.10}% 73
\BOOKMARK [1][-]{section.11}{\376\377\000M\000a\000r\000\040\0002\000,\000\040\0002\0000\0002\0005\000\040\000-\000\040\000M\000a\000r\000\040\0005\000,\000\040\0002\0000\0002\0005}{}% 74
\BOOKMARK [2][-]{subsection.11.1}{\376\377\000T\000i\000m\000e\000\040\000s\000p\000e\000n\000t}{section.11}% 75
\BOOKMARK [2][-]{subsection.11.2}{\376\377\000s\000u\000m\000m\000a\000r\000y\000\040\000o\000f\000\040\000c\000h\000a\000n\000g\000e\000s\000\040\000m\000a\000d\000e}{section.11}% 76
\BOOKMARK [1][-]{section.12}{\376\377\000M\000a\000r\000\040\0001\0009\000,\000\040\0002\0000\0002\0005\000\040\000-\000\040\000M\000a\000r\000\040\0002\0005\000,\000\040\0002\0000\0002\0005}{}% 77
\BOOKMARK [2][-]{subsection.12.1}{\376\377\000T\000i\000m\000e\000\040\000s\000p\000e\000n\000t}{section.12}% 78
\BOOKMARK [2][-]{subsection.12.2}{\376\377\000L\000i\000s\000t\000\040\000o\000f\000\040\000t\000a\000s\000k\000\040\000d\000o\000n\000e}{section.12}% 79
\BOOKMARK [1][-]{section.13}{\376\377\000M\000a\000y\000\040\0002\0002\000\040\0002\0000\0002\0005\000\040\000-\000\040\000M\000a\000y\000\040\0002\0006\000\040\0002\0000\0002\0005}{}% 80
\BOOKMARK [2][-]{subsection.13.1}{\376\377\000T\000i\000m\000e\000\040\000s\000p\000e\000n\000t}{section.13}% 81
\BOOKMARK [2][-]{subsection.13.2}{\376\377\000S\000u\000m\000m\000a\000r\000y\000\040\000o\000f\000\040\000w\000o\000r\000k\000\040\000d\000o\000n\000e}{section.13}% 82
\BOOKMARK [1][-]{section.14}{\376\377\000M\000a\000y\000\040\0002\0007\000\040\0002\0000\0002\0005\000\040\000-\000\040\000J\000u\000n\000e\000\040\0000\0002\000\040\0002\0000\0002\0005}{}% 83
\BOOKMARK [2][-]{subsection.14.1}{\376\377\000T\000O\000\040\000D\000O\000\040\000f\000o\000r\000\040\000R\000A\000\040\000w\000o\000r\000k}{section.14}% 84
\BOOKMARK [1][-]{section.15}{\376\377\000J\000u\000n\000e\000\040\0000\0003\000\040\0002\0000\0002\0005\000\040\000-\000\040\000J\000u\000n\000e\000\040\0000\0009\000\040\0002\0000\0002\0005}{}% 85
\BOOKMARK [2][-]{subsection.15.1}{\376\377\000I\000n\000v\000e\000s\000t\000i\000g\000a\000t\000i\000n\000g\000\040\000W\000o\000r\000k\000i\000n\000g\000\040\000o\000f\000\040\000A\000l\000a\000r\000m\000\040\000i\000n\000\040\000A\000n\000d\000r\000o\000i\000d}{section.15}% 86
\BOOKMARK [2][-]{subsection.15.2}{\376\377\000F\000o\000l\000l\000o\000w\000i\000n\000g\000\040\000t\000h\000i\000n\000g\000s\000\040\000a\000r\000e\000\040\000n\000e\000e\000d\000e\000d\000\040\000t\000o\000\040\000m\000a\000k\000e\000\040\000t\000h\000e\000\040\000s\000e\000r\000v\000i\000c\000e\000s\000\040\000r\000u\000n\000n\000i\000n\000g\000\040\000f\000o\000r\000\040\0002\0004\000\040\000*\000\040\0007\000\040\000h\000o\000u\000r\000s}{section.15}% 87
\BOOKMARK [2][-]{subsection.15.3}{\376\377\000C\000u\000r\000r\000e\000n\000t\000\040\000i\000s\000s\000u\000e\000\040\000i\000n\000\040\000I\000n\000t\000e\000n\000t\000o\000r}{section.15}% 88
\BOOKMARK [2][-]{subsection.15.4}{\376\377\000R\000e\000a\000s\000o\000n\000\040\000o\000f\000\040\000S\000t\000o\000p\000p\000i\000n\000g\000\040\000I\000n\000t\000e\000n\000t\000o\000r\000\040\000A\000p\000p\000\040\000i\000n\000\040\000Y\000o\000u\000r\000\040\000P\000h\000o\000n\000e}{section.15}% 89
\BOOKMARK [2][-]{subsection.15.5}{\376\377\000U\000s\000i\000n\000g\000\040\000A\000l\000a\000r\000m\000\040\000M\000a\000n\000a\000g\000e\000r\000\040\000t\000o\000\040\000r\000e\000s\000t\000a\000r\000t\000\040\000t\000h\000e\000\040\000s\000e\000r\000v\000i\000c\000e\000\040\000a\000f\000t\000e\000r\000\040\000e\000v\000e\000r\000y\000\040\000h\000o\000u\000r\000\040\000o\000r\000\040\000s\000o\000m\000e\000\040\000c\000u\000s\000t\000o\000m\000\040\000i\000n\000t\000e\000r\000v\000a\000l}{section.15}% 90
\BOOKMARK [2][-]{subsection.15.6}{\376\377\000I\000n\000s\000i\000g\000h\000t\000s\000\040\000f\000r\000o\000m\000\040\000U\000n\000p\000l\000u\000g\000\040\000A\000p\000p\000l\000i\000c\000a\000t\000i\000o\000n}{section.15}% 91
\BOOKMARK [2][-]{subsection.15.7}{\376\377\000M\000e\000e\000t\000i\000n\000g\000s\000\040\000K\000e\000y\000\040\000D\000e\000c\000i\000s\000i\000o\000n\000s\000:\000\040}{section.15}% 92
\BOOKMARK [1][-]{section.16}{\376\377\000J\000u\000n\000e\000\040\0001\0000\000\040\0002\0000\0002\0005\000\040\000-\000\040\000J\000u\000n\000e\000\040\0001\0006\000\040\0002\0000\0002\0005}{}% 93
\BOOKMARK [2][-]{subsection.16.1}{\376\377\000L\000i\000s\000t\000\040\000o\000f\000\040\000T\000a\000s\000k\000s\000\040\000C\000o\000m\000p\000l\000e\000t\000e\000d\000\040\000:}{section.16}% 94
\BOOKMARK [2][-]{subsection.16.2}{\376\377\000D\000e\000t\000a\000i\000l\000\040\000o\000f\000\040\000t\000h\000e\000\040\000I\000m\000p\000l\000e\000m\000e\000n\000t\000a\000t\000i\000o\000n}{section.16}% 95
\BOOKMARK [2][-]{subsection.16.3}{\376\377\000F\000i\000x\000\040\000Q\000u\000e\000r\000y\000\040\000S\000t\000a\000r\000t\000i\000n\000g\000\040\000T\000i\000m\000e}{section.16}% 96
\BOOKMARK [2][-]{subsection.16.4}{\376\377\000B\000a\000t\000t\000e\000r\000y\000\040\000O\000p\000t\000i\000m\000i\000z\000a\000t\000i\000o\000n\000\040\000p\000e\000r\000m\000i\000s\000s\000i\000o\000n\000\040}{section.16}% 97
\BOOKMARK [2][-]{subsection.16.5}{\376\377\000R\000u\000n\000t\000i\000m\000e\000\040\000P\000e\000r\000m\000i\000s\000s\000i\000o\000n\000\040\000o\000f\000\040\000D\000i\000s\000a\000b\000l\000e\000\040\000P\000a\000u\000s\000e\000\040\000a\000p\000p\000\040\000a\000c\000t\000i\000v\000i\000t\000y\000\040\000i\000f\000\040\000u\000n\000u\000s\000e\000d}{section.16}% 98
\BOOKMARK [2][-]{subsection.16.6}{\376\377\000I\000n\000s\000i\000g\000h\000t\000s\000\040\000f\000r\000o\000m\000\040\000S\000t\000a\000y\000\040\000F\000r\000e\000e\000\040\000A\000p\000p\000,\000\040\000Y\000o\000u\000r\000\040\000H\000o\000u\000r\000\040\000a\000n\000d\000\040\000U\000n\000p\000l\000u\000g\000\040\000A\000p\000p\000l\000i\000c\000a\000t\000i\000o\000n}{section.16}% 99
\BOOKMARK [1][-]{section.17}{\376\377\000J\000u\000n\000e\000\040\0001\0007\000\040\0002\0000\0002\0005\000\040\000-\000\040\000J\000u\000n\000e\000\040\0002\0003\000\040\0002\0000\0002\0005}{}% 100
\BOOKMARK [2][-]{subsection.17.1}{\376\377\000L\000i\000s\000t\000\040\000o\000f\000\040\000t\000a\000s\000k\000\040\000c\000o\000m\000p\000l\000e\000t\000e\000d}{section.17}% 101
\BOOKMARK [1][-]{section.18}{\376\377\000J\000u\000n\000e\000\040\0003\0000\000\040\0002\0000\0002\0005\000\040\000-\000\040\000J\000u\000l\000y\000\040\0000\0006\000\040\0002\0000\0002\0005}{}% 102
\BOOKMARK [2][-]{subsection.18.1}{\376\377\000L\000i\000s\000t\000\040\000o\000f\000\040\000t\000a\000s\000k\000\040\000c\000o\000m\000p\000l\000e\000t\000e\000d}{section.18}% 103
\BOOKMARK [1][-]{section.19}{\376\377\000J\000u\000l\000y\000\040\0000\0007\000\040\0002\0000\0002\0005\000\040\000-\000\040\000J\000u\000l\000y\000\040\0001\0003\000\040\0002\0000\0002\0005}{}% 104
\BOOKMARK [1][-]{section.20}{\376\377\000J\000u\000l\000y\000\040\0001\0003\000\040\0002\0000\0002\0005\000\040\000-\000\040\000J\000u\000l\000y\000\040\0001\0009\000\040\0002\0000\0002\0005}{}% 105
\BOOKMARK [2][-]{subsection.20.1}{\376\377\000L\000i\000s\000t\000\040\000o\000f\000\040\000T\000a\000s\000k\000\040\000C\000o\000m\000p\000l\000e\000t\000e\000d}{section.20}% 106
\BOOKMARK [1][-]{section.21}{\376\377\000J\000u\000l\000y\000\040\0002\0001\000\040\0002\0000\0002\0005\000\040\000-\000\040\000J\000u\000l\000y\000\040\0002\0007\000\040\0002\0000\0002\0005}{}% 107
\BOOKMARK [1][-]{section.22}{\376\377\000J\000u\000l\000y\000\040\0002\0008\000\040\0002\0000\0002\0005\000\040\000-\000\040\000A\000u\000g\000\040\0000\0003\000\040\0002\0000\0002\0005}{}% 108
\BOOKMARK [2][-]{subsection.22.1}{\376\377\000L\000i\000s\000t\000\040\000o\000f\000\040\000T\000a\000s\000k\000\040\000c\000o\000m\000p\000l\000e\000t\000e\000d}{section.22}% 109
\BOOKMARK [1][-]{section.23}{\376\377\000A\000u\000g\000\040\0000\0004\000\040\0002\0000\0002\0005\000\040\000-\000\040\000A\000u\000g\000\040\0001\0000\000\040\0002\0000\0002\0005}{}% 110
\BOOKMARK [2][-]{subsection.23.1}{\376\377\000L\000i\000s\000t\000\040\000o\000f\000\040\000T\000a\000s\000k\000\040\000C\000o\000m\000p\000l\000e\000t\000e\000d}{section.23}% 111
\BOOKMARK [1][-]{section.24}{\376\377\000A\000u\000g\000\040\0000\0004\000\040\0002\0000\0002\0005\000\040\000-\000\040\000A\000u\000g\000\040\0001\0000\000\040\0002\0000\0002\0005}{}% 112
\BOOKMARK [2][-]{subsection.24.1}{\376\377\000L\000i\000s\000t\000\040\000o\000f\000\040\000T\000a\000s\000k\000\040\000c\000o\000m\000p\000l\000e\000t\000e\000d\000:\000\040}{section.24}% 113
\BOOKMARK [1][-]{section.25}{\376\377\000A\000u\000g\000\040\0001\0001\000\040\0002\0000\0002\0005\000\040\000-\000\040\000A\000u\000g\000\040\0001\0007\000\040\0002\0000\0002\0005}{}% 114
\BOOKMARK [2][-]{subsection.25.1}{\376\377\000L\000i\000s\000t\000\040\000o\000f\000\040\000T\000a\000s\000k\000s\000\040\000C\000o\000m\000p\000l\000e\000t\000e\000d\000:}{section.25}% 115
\BOOKMARK [1][-]{section.26}{\376\377\000A\000u\000g\000\040\0001\0008\000\040\0002\0000\0002\0005\000\040\000-\000\040\000A\000u\000g\000\040\0002\0004\000\040\0002\0000\0002\0005}{}% 116
\BOOKMARK [2][-]{subsection.26.1}{\376\377\000L\000i\000s\000t\000\040\000o\000f\000\040\000T\000a\000s\000k\000s\000\040\000C\000o\000m\000p\000l\000e\000t\000e\000d\000:}{section.26}% 117
\BOOKMARK [1][-]{section.27}{\376\377\000A\000u\000g\000\040\0002\0005\000\040\0002\0000\0002\0005\000\040\000-\000\040\000A\000u\000g\000\040\0003\0001\000\040\0002\0000\0002\0005}{}% 118
\BOOKMARK [2][-]{subsection.27.1}{\376\377\000L\000i\000s\000t\000\040\000o\000f\000\040\000T\000a\000s\000k\000s\000\040\000C\000o\000m\000p\000l\000e\000t\000e\000d\000:}{section.27}% 119
\BOOKMARK [1][-]{section.28}{\376\377\000S\000e\000p\000\040\0000\0001\000\040\0002\0000\0002\0005\000\040\000-\000\040\000S\000e\000p\000\040\0000\0007\000\040\0002\0000\0002\0005}{}% 120
\BOOKMARK [2][-]{subsection.28.1}{\376\377\000L\000i\000s\000t\000\040\000o\000f\000\040\000T\000a\000s\000k\000s\000\040\000C\000o\000m\000p\000l\000e\000t\000e\000d\000:}{section.28}% 121
\BOOKMARK [1][-]{section.29}{\376\377\000S\000e\000p\000\040\0000\0008\000\040\0002\0000\0002\0005\000\040\000-\000\040\000S\000e\000p\000\040\0001\0004\000\040\0002\0000\0002\0005}{}% 122
\BOOKMARK [2][-]{subsection.29.1}{\376\377\000L\000i\000s\000t\000\040\000o\000f\000\040\000T\000a\000s\000k\000s\000\040\000C\000o\000m\000p\000l\000e\000t\000e\000d\000:}{section.29}% 123
\BOOKMARK [1][-]{section.30}{\376\377\000S\000e\000p\000\040\0001\0005\000\040\0002\0000\0002\0005\000\040\000-\000\040\000S\000e\000p\000\040\0002\0001\000\040\0002\0000\0002\0005}{}% 124
\BOOKMARK [2][-]{subsection.30.1}{\376\377\000L\000i\000s\000t\000\040\000o\000f\000\040\000T\000a\000s\000k\000s\000\040\000C\000o\000m\000p\000l\000e\000t\000e\000d\000:}{section.30}% 125
\BOOKMARK [1][-]{section.31}{\376\377\000S\000e\000p\000\040\0002\0002\000\040\0002\0000\0002\0005\000\040\000-\000\040\000S\000e\000p\000\040\0002\0008\000\040\0002\0000\0002\0005}{}% 126
\BOOKMARK [2][-]{subsection.31.1}{\376\377\000L\000i\000s\000t\000\040\000o\000f\000\040\000T\000a\000s\000k\000s\000\040\000C\000o\000m\000p\000l\000e\000t\000e\000d\000:}{section.31}% 127
\BOOKMARK [1][-]{section.32}{\376\377\000S\000e\000p\000\040\0002\0009\000\040\0002\0000\0002\0005\000\040\000-\000\040\000O\000c\000t\000\040\0000\0005\000\040\0002\0000\0002\0005}{}% 128
\BOOKMARK [2][-]{subsection.32.1}{\376\377\000L\000i\000s\000t\000\040\000o\000f\000\040\000T\000a\000s\000k\000s\000\040\000C\000o\000m\000p\000l\000e\000t\000e\000d\000:}{section.32}% 129
\BOOKMARK [1][-]{section.33}{\376\377\000O\000c\000t\000\040\0000\0006\000\040\0002\0000\0002\0005\000\040\000-\000\040\000O\000c\000t\000\040\0001\0002\000\040\0002\0000\0002\0005}{}% 130
\BOOKMARK [2][-]{subsection.33.1}{\376\377\000L\000i\000s\000t\000\040\000o\000f\000\040\000T\000a\000s\000k\000s\000\040\000C\000o\000m\000p\000l\000e\000t\000e\000d\000:}{section.33}% 131
\BOOKMARK [1][-]{section.34}{\376\377\000O\000c\000t\000\040\0001\0003\000\040\0002\0000\0002\0005\000\040\000-\000\040\000O\000c\000t\000\040\0001\0009\000\040\0002\0000\0002\0005}{}% 132
\BOOKMARK [2][-]{subsection.34.1}{\376\377\000L\000i\000s\000t\000\040\000o\000f\000\040\000T\000a\000s\000k\000s\000\040\000C\000o\000m\000p\000l\000e\000t\000e\000d\000:}{section.34}% 133
\BOOKMARK [1][-]{section.35}{\376\377\000O\000v\000e\000r\000a\000l\000l\000\040\000P\000r\000o\000g\000r\000e\000s\000s\000\040\000S\000u\000m\000m\000a\000r\000y\000\040\000\050\000A\000u\000g\040\023\000O\000c\000t\000\040\0002\0000\0002\0005\000\051}{}% 134
\BOOKMARK [1][-]{section.36}{\376\377\000N\000o\000v\000\040\0001\000\040\0002\0000\0002\0005\000\040\000-\000\040\000N\000o\000v\000\040\0009\000\040\0002\0000\0002\0005}{}% 135
\BOOKMARK [2][-]{subsection.36.1}{\376\377\000I\000m\000p\000a\000c\000t\000\040\000S\000u\000m\000m\000a\000r\000y}{section.36}% 136
\BOOKMARK [2][-]{subsection.36.2}{\376\377\000L\000i\000s\000t\000\040\000o\000f\000\040\000T\000a\000s\000k\000s\000\040\000C\000o\000m\000p\000l\000e\000t\000e\000d}{section.36}% 137
\BOOKMARK [2][-]{subsection.36.3}{\376\377\000B\000a\000c\000k\000g\000r\000o\000u\000n\000d\000\040\000W\000o\000r\000k\000e\000r\000s\000\040\000O\000v\000e\000r\000v\000i\000e\000w}{section.36}% 138
\BOOKMARK [2][-]{subsection.36.4}{\376\377\000W\000o\000r\000k\000f\000l\000o\000w\000\040\000D\000i\000a\000g\000r\000a\000m}{section.36}% 139
\BOOKMARK [1][-]{section.37}{\376\377\000N\000o\000v\000\040\0001\0000\000\040\0002\0000\0002\0005\000\040\000-\000\040\000N\000o\000v\000\040\0001\0006\000\040\0002\0000\0002\0005}{}% 140
\BOOKMARK [2][-]{subsection.37.1}{\376\377\000L\000i\000s\000t\000\040\000o\000f\000\040\000t\000a\000s\000k\000\040\000c\000o\000m\000p\000l\000e\000t\000e\000d\000:}{section.37}% 141
\BOOKMARK [1][-]{section.38}{\376\377\000N\000o\000v\000\040\0001\0007\000,\000\040\0002\0000\0002\0005\000\040\040\023\000\040\000N\000o\000v\000\040\0002\0003\000,\000\040\0002\0000\0002\0005}{}% 142
\BOOKMARK [1][-]{section.39}{\376\377\000D\000e\000c\000\040\0000\0002\000\040\0002\0000\0002\0005\000\040\000t\000o\000\040\000D\000e\000c\000\040\0000\0007\000\040\0002\0000\0002\0005}{}% 143
\BOOKMARK [2][-]{subsection.39.1}{\376\377\000L\000i\000s\000t\000\040\000o\000f\000\040\000T\000a\000s\000k\000\040\000C\000o\000m\000p\000l\000e\000t\000e\000d\000:}{section.39}% 144
\BOOKMARK [1][-]{section.40}{\376\377\000\040\000D\000e\000c\000\040\0000\0009\000\040\0002\0000\0002\0005\000\040\000t\000o\000\040\000D\000e\000c\000\040\0001\0004\000\040\0002\0000\0002\0005}{}% 145
\BOOKMARK [1][-]{section.41}{\376\377\000D\000e\000c\000\040\0001\0005\000\040\0002\0000\0002\0005\000\040\000t\000o\000\040\000D\000e\000c\000\040\0002\0001\000\040\0002\0000\0002\0005}{}% 146
\BOOKMARK [1][-]{section.42}{\376\377\000D\000e\000c\000\040\0002\0002\000\040\0002\0000\0002\0005\000\040\000t\000o\000\040\000D\000e\000c\000\040\0003\0001\000\040\0002\0000\0002\0005}{}% 147
\BOOKMARK [2][-]{subsection.42.1}{\376\377\000T\000o\000\040\000D\000o\000:}{section.42}% 148
\BOOKMARK [2][-]{subsection.42.2}{\376\377\000L\000i\000s\000t\000\040\000o\000f\000\040\000T\000a\000s\000k\000\040\000C\000o\000m\000p\000l\000e\000t\000e\000d}{section.42}% 149
\BOOKMARK [1][-]{section.43}{\376\377\000J\000a\000n\000\040\0005\000\040\0002\0000\0002\0006\000\040\000t\000o\000\040\000J\000a\000n\000\040\0001\0001\000\040\0002\0000\0002\0006}{}% 150
\BOOKMARK [2][-]{subsection.43.1}{\376\377\000T\000O\000\040\000D\000O\000:\000\040}{section.43}% 151
\BOOKMARK [2][-]{subsection.43.2}{\376\377\000S\000u\000r\000v\000e\000y\000\040\000S\000u\000m\000m\000a\000r\000y\000\040\000a\000n\000d\000\040\000K\000e\000y\000\040\000O\000b\000s\000e\000r\000v\000a\000t\000i\000o\000n\000s}{section.43}% 152
\BOOKMARK [2][-]{subsection.43.3}{\376\377\000B\000a\000t\000t\000e\000r\000y\000\040\000o\000p\000t\000i\000m\000i\000z\000a\000t\000i\000o\000n\000\040\000c\000h\000a\000n\000g\000e\000s\000:\000\040}{section.43}% 153
\BOOKMARK [2][-]{subsection.43.4}{\376\377\000U\000p\000l\000o\000a\000d\000\040\000l\000o\000g\000\040\000f\000i\000l\000e\000\040\000t\000o\000\040\000t\000h\000e\000\040\000s\000e\000r\000v\000e\000r\000\040\000f\000o\000r\000\040\000u\000s\000e\000r\000\040\000s\000t\000u\000d\000y\000\040\000a\000n\000a\000l\000y\000s\000i\000s\000:\000\040}{section.43}% 154
\BOOKMARK [1][-]{section.44}{\376\377\000F\000e\000b\000\040\0002\0003\000\040\0002\0000\0002\0006\000\040\000t\000o\000\040\000M\000a\000r\000\040\0002\0006\000\040\0002\0000\0002\0006}{}% 155
\BOOKMARK [2][-]{subsection.44.1}{\376\377\000L\000i\000s\000t\000\040\000o\000f\000\040\000T\000a\000s\000k\000\040\000C\000o\000m\000p\000l\000e\000t\000e\000d}{section.44}% 156
\BOOKMARK [2][-]{subsection.44.2}{\376\377\000T\000o\000\040\000D\000o}{section.44}% 157
\BOOKMARK [1][-]{section.45}{\376\377\000F\000e\000b\000\040\0002\0003\000\040\0002\0000\0002\0006\000\040\000\050\000l\000a\000s\000t\000\040\000m\000e\000e\000t\000i\000n\000g\000\051\000\040\000t\000o\000\040\000M\000a\000r\000\040\0002\0006\000\040\0002\0000\0002\0006}{}% 158
\BOOKMARK [2][-]{subsection.45.1}{\376\377\000L\000i\000s\000t\000\040\000o\000f\000\040\000T\000a\000s\000k\000\040\000C\000o\000m\000p\000l\000e\000t\000e\000d}{section.45}% 159
\BOOKMARK [2][-]{subsection.45.2}{\376\377\000T\000o\000\040\000D\000o}{section.45}% 160
