\BOOKMARK [1][-]{section.1}{\376\377\000F\000e\000b\000\040\0000\0002\000\040\0002\0000\0002\0006\000\040\000-\000\040\000F\000e\000b\000\040\0000\0007\000\040\0002\0000\0002\0006}{}% 1
\BOOKMARK [2][-]{subsection.1.1}{\376\377\000T\000o\000\040\000D\000o}{section.1}% 2
\BOOKMARK [2][-]{subsection.1.2}{\376\377\000P\000r\000o\000p\000o\000s\000e\000d\000\040\000C\000h\000a\000n\000g\000e\000s\000\040\000t\000o\000\040\000t\000h\000e\000\040\000e\000x\000i\000s\000t\000i\000n\000g\000\040\000s\000y\000s\000t\000e\000m}{section.1}% 3
\BOOKMARK [2][-]{subsection.1.3}{\376\377\000S\000u\000m\000m\000a\000r\000y\000:\000\040\000N\000a\000v\000i\000g\000a\000t\000i\000n\000g\000\040\000D\000i\000g\000i\000t\000a\000l\000\040\000w\000e\000l\000l\000-\000B\000e\000i\000n\000g\000\040\000i\000n\000\040\000D\000i\000g\000i\000t\000a\000l\000\040\000e\000r\000a\000:\000\040\000A\000\040\000s\000c\000o\000p\000i\000n\000g\000\040\000r\000e\000v\000i\000e\000w\000\040\000o\000f\000\040\000d\000i\000g\000i\000t\000a\000l\000-\000w\000e\000l\000l\000b\000e\000i\000n\000g\000\040\000Z\000h\000a\000o\0002\0000\0002\0004\000D\000i\000g\000i\000t\000a\000l\000W\000e\000l\000l\000b\000e\000i\000n\000g}{section.1}% 4
\BOOKMARK [2][-]{subsection.1.4}{\376\377\000D\000e\000t\000a\000i\000e\000d\000\040\000S\000u\000m\000m\000a\000r\000y}{section.1}% 5
\BOOKMARK [2][-]{subsection.1.5}{\376\377\000P\000o\000s\000i\000t\000i\000v\000e\000\040\000p\000o\000i\000n\000t\000s}{section.1}% 6
\BOOKMARK [1][-]{section.2}{\376\377\000F\000e\000b\000\040\0000\0008\000\040\0002\0000\0002\0006\000\040\000-\000\040\000F\000e\000b\000\040\0001\0005\000\040\0002\0000\0002\0006}{}% 7
\BOOKMARK [2][-]{subsection.2.1}{\376\377\000L\000i\000s\000t\000\040\000o\000f\000\040\000t\000a\000s\000k\000\040\000c\000o\000m\000p\000l\000e\000t\000e\000d}{section.2}% 8
\BOOKMARK [1][-]{section.3}{\376\377\000F\000e\000b\000\040\0001\0007\000\040\0002\0000\0002\0006\000\040\000-\000\040\000F\000e\000b\000\040\0002\0002\000\040\0002\0000\0002\0006}{}% 9
\BOOKMARK [2][-]{subsection.3.1}{\376\377\000T\000o\000\040\000D\000o}{section.3}% 10
\BOOKMARK [2][-]{subsection.3.2}{\376\377\000L\000i\000s\000t\000\040\000o\000f\000\040\000c\000o\000m\000p\000l\000e\000t\000e\000d\000\040\000t\000a\000s\000k}{section.3}% 11
\BOOKMARK [2][-]{subsection.3.3}{\376\377\000P\000r\000o\000p\000o\000s\000e\000d\000\040\000c\000h\000a\000n\000g\000e\000s\000\040\000t\000o\000\040\000t\000h\000e\000\040\000L\000o\000c\000k\000\040\000a\000n\000d\000\040\000H\000o\000m\000e\000\040\000S\000c\000r\000e\000e\000n\000\040\000U\000I}{section.3}% 12
\BOOKMARK [2][-]{subsection.3.4}{\376\377\000I\000n\000\040\000p\000e\000r\000s\000o\000n\000\040\000f\000e\000e\000d\000b\000a\000c\000k\000\040\000r\000e\000c\000e\000i\000v\000e\000d\000\040\000s\000o\000\040\000f\000a\000r}{section.3}% 13
\BOOKMARK [2][-]{subsection.3.5}{\376\377\000P\000i\000l\000o\000t\000\040\000S\000t\000u\000d\000y\000\040\000P\000l\000a\000n\000\040\000f\000o\000r\000\040\000J\000o\000d\000o\000\040\000A\000p\000p}{section.3}% 14
\BOOKMARK [2][-]{subsection.3.6}{\376\377\0001\000.\000\040\000D\000e\000f\000i\000n\000e\000\040\000t\000h\000e\000\040\000G\000o\000a\000l}{section.3}% 15
\BOOKMARK [2][-]{subsection.3.7}{\376\377\0002\000.\000\040\000S\000e\000l\000e\000c\000t\000\040\000P\000a\000r\000t\000i\000c\000i\000p\000a\000n\000t\000s}{section.3}% 16
\BOOKMARK [2][-]{subsection.3.8}{\376\377\0003\000.\000\040\000D\000e\000c\000i\000d\000e\000\040\000S\000t\000u\000d\000y\000\040\000D\000u\000r\000a\000t\000i\000o\000n}{section.3}% 17
\BOOKMARK [2][-]{subsection.3.9}{\376\377\0004\000.\000\040\000P\000r\000e\000-\000S\000t\000u\000d\000y\000\040\000S\000u\000r\000v\000e\000y\000\040\000\050\000D\000a\000y\000\040\0000\000\051}{section.3}% 18
\BOOKMARK [2][-]{subsection.3.10}{\376\377\0005\000.\000\040\000P\000o\000s\000t\000-\000S\000t\000u\000d\000y\000\040\000S\000u\000r\000v\000e\000y\000\040\000\050\000A\000f\000t\000e\000r\000\040\0007\000\040\000D\000a\000y\000s\000\051}{section.3}% 19
\BOOKMARK [2][-]{subsection.3.11}{\376\377\0006\000.\000\040\000T\000r\000a\000c\000k\000\040\000I\000n\000-\000A\000p\000p\000\040\000M\000e\000t\000r\000i\000c\000s}{section.3}% 20
\BOOKMARK [2][-]{subsection.3.12}{\376\377\0007\000.\000\040\000C\000o\000n\000d\000u\000c\000t\000\040\000S\000h\000o\000r\000t\000\040\000U\000s\000e\000r\000\040\000I\000n\000t\000e\000r\000v\000i\000e\000w\000s}{section.3}% 21
\BOOKMARK [2][-]{subsection.3.13}{\376\377\0008\000.\000\040\000D\000a\000t\000a\000\040\000A\000n\000a\000l\000y\000s\000i\000s}{section.3}% 22
\BOOKMARK [2][-]{subsection.3.14}{\376\377\0009\000.\000\040\000S\000u\000c\000c\000e\000s\000s\000\040\000C\000r\000i\000t\000e\000r\000i\000a}{section.3}% 23
\BOOKMARK [2][-]{subsection.3.15}{\376\377\000C\000o\000n\000c\000l\000u\000s\000i\000o\000n}{section.3}% 24
\BOOKMARK [1][-]{section.4}{\376\377\000F\000e\000b\000\040\0002\0003\000\040\0002\0000\0002\0006\000\040\000-\000\040\000M\000a\000r\000\040\0000\0001\000\040\0002\0000\0002\0006}{}% 25
\BOOKMARK [2][-]{subsection.4.1}{\376\377\000T\000o\000\040\000D\000o}{section.4}% 26
\BOOKMARK [2][-]{subsection.4.2}{\376\377\000L\000i\000s\000t\000\040\000o\000f\000\040\000t\000a\000s\000k\000\040\000c\000o\000m\000p\000l\000e\000t\000e\000d}{section.4}% 27
\BOOKMARK [2][-]{subsection.4.3}{\376\377\000P\000r\000o\000p\000o\000s\000e\000d\000\040\000c\000h\000a\000n\000g\000e\000s\000\040\000f\000o\000r\000\040\000r\000e\000w\000a\000r\000d\000\040\000m\000o\000d\000e\000l}{section.4}% 28
\BOOKMARK [2][-]{subsection.4.4}{\376\377\000P\000r\000o\000b\000l\000e\000m\000\040\000e\000n\000c\000o\000u\000n\000t\000e\000r\000e\000d\000\040\000i\000n\000\040\000J\000o\000D\000o}{section.4}% 29
\BOOKMARK [2][-]{subsection.4.5}{\376\377\000F\000e\000e\000d\000b\000a\000c\000k\000\040\000R\000e\000c\000i\000e\000v\000e\000d\000\040\000a\000b\000o\000u\000t\000\040\000J\000o\000D\000o}{section.4}% 30
\BOOKMARK [2][-]{subsection.4.6}{\376\377\000P\000i\000l\000o\000t\000\040\000s\000t\000u\000d\000y\000\040\000u\000s\000e\000r\000\040\000f\000e\000e\000d\000b\000a\000c\000k\000s}{section.4}% 31
\BOOKMARK [2][-]{subsection.4.7}{\376\377\000N\000e\000w\000\040\000Q\000u\000e\000s\000t\000i\000o\000n\000s}{section.4}% 32
\BOOKMARK [1][-]{section.5}{\376\377\000F\000e\000b\000\040\0002\0006\000\040\000\050\000l\000a\000s\000t\000\040\000m\000e\000e\000t\000i\000n\000g\000\051\000\040\000-\000\040\000M\000a\000r\000\040\0000\0004\000\040\0002\0000\0002\0006}{}% 33
\BOOKMARK [2][-]{subsection.5.1}{\376\377\000L\000i\000s\000t\000\040\000o\000f\000\040\000T\000a\000s\000k\000\040\000C\000o\000m\000p\000l\000e\000t\000e\000d}{section.5}% 34
\BOOKMARK [2][-]{subsection.5.2}{\376\377\000P\000r\000o\000p\000o\000s\000e\000d\000\040\000n\000e\000w\000\040\000U\000I\000\040\000f\000o\000r\000\040\000J\000o\000D\000o}{section.5}% 35
\BOOKMARK [3][-]{subsubsection.5.2.1}{\376\377\000P\000r\000o\000b\000l\000e\000m\000\040\000i\000n\000\040\000t\000h\000e\000\040\000c\000u\000r\000r\000e\000n\000t\000\040\000U\000I}{subsection.5.2}% 36
\BOOKMARK [3][-]{subsubsection.5.2.2}{\376\377\000P\000r\000o\000p\000o\000s\000e\000d\000\040\000U\000I\000\040\000P\000r\000o\000t\000o\000t\000y\000p\000e\000s\000:}{subsection.5.2}% 37
\BOOKMARK [2][-]{subsection.5.3}{\376\377\000T\000o\000\040\000D\000o}{section.5}% 38
\BOOKMARK [3][-]{subsubsection.5.3.1}{\376\377\000J\000o\000D\000o\000\040\000e\000c\000o\000n\000o\000m\000y\000\040\000s\000i\000m\000i\000l\000a\000r\000\040\000t\000o\000\040\000S\000w\000e\000a\000t\000\040\000C\000o\000i\000n\000\040\000A\000p\000p}{subsection.5.3}% 39
